<?xml version="1.0" encoding="UTF-8"?>
<testsuite xmlns:xsi="http://www.w3.org/2001/XMLSchema-instance" xsi:noNamespaceSchemaLocation="https://maven.apache.org/surefire/maven-surefire-plugin/xsd/surefire-test-report-3.0.xsd" version="3.0" name="TestSuite" time="22.971" tests="7" errors="0" skipped="0" failures="0">
  <properties>
    <property name="java.specification.version" value="17"/>
    <property name="sun.cpu.isalist" value="amd64"/>
    <property name="sun.jnu.encoding" value="Cp1252"/>
    <property name="java.class.path" value="C:\Project Visual Code\Ujian Minggu ke 4\target\test-classes;C:\Project Visual Code\Ujian Minggu ke 4\target\classes;C:\Users\aryos\.m2\repository\org\testng\testng\7.4.0\testng-7.4.0.jar;C:\Users\aryos\.m2\repository\com\beust\jcommander\1.78\jcommander-1.78.jar;C:\Users\aryos\.m2\repository\org\webjars\jquery\3.5.1\jquery-3.5.1.jar;C:\Users\aryos\.m2\repository\io\rest-assured\rest-assured\4.5.1\rest-assured-4.5.1.jar;C:\Users\aryos\.m2\repository\org\codehaus\groovy\groovy\3.0.9\groovy-3.0.9.jar;C:\Users\aryos\.m2\repository\org\codehaus\groovy\groovy-xml\3.0.9\groovy-xml-3.0.9.jar;C:\Users\aryos\.m2\repository\org\apache\httpcomponents\httpclient\4.5.13\httpclient-4.5.13.jar;C:\Users\aryos\.m2\repository\org\apache\httpcomponents\httpcore\4.4.13\httpcore-4.4.13.jar;C:\Users\aryos\.m2\repository\commons-logging\commons-logging\1.2\commons-logging-1.2.jar;C:\Users\aryos\.m2\repository\commons-codec\commons-codec\1.11\commons-codec-1.11.jar;C:\Users\aryos\.m2\repository\org\apache\httpcomponents\httpmime\4.5.13\httpmime-4.5.13.jar;C:\Users\aryos\.m2\repository\org\hamcrest\hamcrest\2.1\hamcrest-2.1.jar;C:\Users\aryos\.m2\repository\org\ccil\cowan\tagsoup\tagsoup\1.2.1\tagsoup-1.2.1.jar;C:\Users\aryos\.m2\repository\io\rest-assured\json-path\4.5.1\json-path-4.5.1.jar;C:\Users\aryos\.m2\repository\org\codehaus\groovy\groovy-json\3.0.9\groovy-json-3.0.9.jar;C:\Users\aryos\.m2\repository\io\rest-assured\rest-assured-common\4.5.1\rest-assured-common-4.5.1.jar;C:\Users\aryos\.m2\repository\io\rest-assured\xml-path\4.5.1\xml-path-4.5.1.jar;C:\Users\aryos\.m2\repository\org\apache\commons\commons-lang3\3.11\commons-lang3-3.11.jar;C:\Users\aryos\.m2\repository\com\googlecode\json-simple\json-simple\1.1.1\json-simple-1.1.1.jar;C:\Users\aryos\.m2\repository\junit\junit\4.10\junit-4.10.jar;C:\Users\aryos\.m2\repository\org\hamcrest\hamcrest-core\1.1\hamcrest-core-1.1.jar;"/>
    <property name="java.vm.vendor" value="Microsoft"/>
    <property name="sun.arch.data.model" value="64"/>
    <property name="user.variant" value=""/>
    <property name="java.vendor.url" value="https://www.microsoft.com"/>
    <property name="user.timezone" value="Asia/Jakarta"/>
    <property name="os.name" value="Windows 10"/>
    <property name="java.vm.specification.version" value="17"/>
    <property name="sun.java.launcher" value="SUN_STANDARD"/>
    <property name="user.country" value="ID"/>
    <property name="sun.boot.library.path" value="C:\Program Files\Java\jdk-17.0.13+11\bin"/>
    <property name="sun.java.command" value="C:\Users\aryos\AppData\Local\Temp\surefire13783801947283277409\surefirebooter-20241217234058246_3.jar C:\Users\aryos\AppData\Local\Temp\surefire13783801947283277409 2024-12-17T23-40-57_745-jvmRun1 surefire-20241217234058246_1tmp surefire_0-20241217234058246_2tmp"/>
    <property name="jdk.debug" value="release"/>
    <property name="surefire.test.class.path" value="C:\Project Visual Code\Ujian Minggu ke 4\target\test-classes;C:\Project Visual Code\Ujian Minggu ke 4\target\classes;C:\Users\aryos\.m2\repository\org\testng\testng\7.4.0\testng-7.4.0.jar;C:\Users\aryos\.m2\repository\com\beust\jcommander\1.78\jcommander-1.78.jar;C:\Users\aryos\.m2\repository\org\webjars\jquery\3.5.1\jquery-3.5.1.jar;C:\Users\aryos\.m2\repository\io\rest-assured\rest-assured\4.5.1\rest-assured-4.5.1.jar;C:\Users\aryos\.m2\repository\org\codehaus\groovy\groovy\3.0.9\groovy-3.0.9.jar;C:\Users\aryos\.m2\repository\org\codehaus\groovy\groovy-xml\3.0.9\groovy-xml-3.0.9.jar;C:\Users\aryos\.m2\repository\org\apache\httpcomponents\httpclient\4.5.13\httpclient-4.5.13.jar;C:\Users\aryos\.m2\repository\org\apache\httpcomponents\httpcore\4.4.13\httpcore-4.4.13.jar;C:\Users\aryos\.m2\repository\commons-logging\commons-logging\1.2\commons-logging-1.2.jar;C:\Users\aryos\.m2\repository\commons-codec\commons-codec\1.11\commons-codec-1.11.jar;C:\Users\aryos\.m2\repository\org\apache\httpcomponents\httpmime\4.5.13\httpmime-4.5.13.jar;C:\Users\aryos\.m2\repository\org\hamcrest\hamcrest\2.1\hamcrest-2.1.jar;C:\Users\aryos\.m2\repository\org\ccil\cowan\tagsoup\tagsoup\1.2.1\tagsoup-1.2.1.jar;C:\Users\aryos\.m2\repository\io\rest-assured\json-path\4.5.1\json-path-4.5.1.jar;C:\Users\aryos\.m2\repository\org\codehaus\groovy\groovy-json\3.0.9\groovy-json-3.0.9.jar;C:\Users\aryos\.m2\repository\io\rest-assured\rest-assured-common\4.5.1\rest-assured-common-4.5.1.jar;C:\Users\aryos\.m2\repository\io\rest-assured\xml-path\4.5.1\xml-path-4.5.1.jar;C:\Users\aryos\.m2\repository\org\apache\commons\commons-lang3\3.11\commons-lang3-3.11.jar;C:\Users\aryos\.m2\repository\com\googlecode\json-simple\json-simple\1.1.1\json-simple-1.1.1.jar;C:\Users\aryos\.m2\repository\junit\junit\4.10\junit-4.10.jar;C:\Users\aryos\.m2\repository\org\hamcrest\hamcrest-core\1.1\hamcrest-core-1.1.jar;"/>
    <property name="sun.cpu.endian" value="little"/>
    <property name="user.home" value="C:\Users\aryos"/>
    <property name="user.language" value="en"/>
    <property name="java.specification.vendor" value="Oracle Corporation"/>
    <property name="java.version.date" value="2024-10-15"/>
    <property name="java.home" value="C:\Program Files\Java\jdk-17.0.13+11"/>
    <property name="file.separator" value="\"/>
    <property name="basedir" value="C:\Project Visual Code\Ujian Minggu ke 4"/>
    <property name="java.vm.compressedOopsMode" value="Zero based"/>
    <property name="line.separator" value="&#10;"/>
    <property name="java.vm.specification.vendor" value="Oracle Corporation"/>
    <property name="java.specification.name" value="Java Platform API Specification"/>
    <property name="surefire.real.class.path" value="C:\Users\aryos\AppData\Local\Temp\surefire13783801947283277409\surefirebooter-20241217234058246_3.jar"/>
    <property name="user.script" value=""/>
    <property name="sun.management.compiler" value="HotSpot 64-Bit Tiered Compilers"/>
    <property name="java.runtime.version" value="17.0.13+11-LTS"/>
    <property name="user.name" value="aryos"/>
    <property name="path.separator" value=";"/>
    <property name="os.version" value="10.0"/>
    <property name="java.runtime.name" value="OpenJDK Runtime Environment"/>
    <property name="file.encoding" value="Cp1252"/>
    <property name="java.vm.name" value="OpenJDK 64-Bit Server VM"/>
    <property name="java.vendor.version" value="Microsoft-10376486"/>
    <property name="localRepository" value="C:\Users\aryos\.m2\repository"/>
    <property name="java.vendor.url.bug" value="https://github.com/microsoft/openjdk/issues"/>
    <property name="java.io.tmpdir" value="C:\Users\aryos\AppData\Local\Temp\"/>
    <property name="java.version" value="17.0.13"/>
    <property name="user.dir" value="C:\Project Visual Code\Ujian Minggu ke 4"/>
    <property name="os.arch" value="amd64"/>
    <property name="java.vm.specification.name" value="Java Virtual Machine Specification"/>
    <property name="sun.os.patch.level" value=""/>
    <property name="native.encoding" value="Cp1252"/>
    <property name="java.library.path" value="C:\Program Files\Java\jdk-17.0.13+11\bin;C:\WINDOWS\Sun\Java\bin;C:\WINDOWS\system32;C:\WINDOWS;C:\WINDOWS\system32;C:\WINDOWS;C:\WINDOWS\System32\Wbem;C:\WINDOWS\System32\WindowsPowerShell\v1.0\;C:\WINDOWS\System32\OpenSSH\;C:\Program Files\Git\cmd;C:\Users\aryos\AppData\Local\Microsoft\WindowsApps;C:\Users\aryos\AppData\Local\Programs\Microsoft VS Code\bin;C:\apache-maven-3.9.9\bin;C:\Program Files\Java\jdk-17.0.13+11\bin;;."/>
    <property name="java.vm.info" value="mixed mode, sharing"/>
    <property name="java.vendor" value="Microsoft"/>
    <property name="java.vm.version" value="17.0.13+11-LTS"/>
    <property name="java.specification.maintenance.version" value="1"/>
    <property name="sun.io.unicode.encoding" value="UnicodeLittle"/>
    <property name="java.class.version" value="61.0"/>
  </properties>
  <testcase name="cartLimitTest" classname="com.bda.AppTestCart" time="6.006">
    <system-out><![CDATA[[{"id":1,"userId":1,"date":"2020-03-02T00:00:00.000Z","products":[{"productId":1,"quantity":4},{"productId":2,"quantity":1},{"productId":3,"quantity":6}],"__v":0},{"id":2,"userId":1,"date":"2020-01-02T00:00:00.000Z","products":[{"productId":2,"quantity":4},{"productId":1,"quantity":10},{"productId":5,"quantity":2}],"__v":0},{"id":3,"userId":2,"date":"2020-03-01T00:00:00.000Z","products":[{"productId":1,"quantity":2},{"productId":9,"quantity":1}],"__v":0},{"id":4,"userId":3,"date":"2020-01-01T00:00:00.000Z","products":[{"productId":1,"quantity":4}],"__v":0},{"id":5,"userId":3,"date":"2020-03-01T00:00:00.000Z","products":[{"productId":7,"quantity":1},{"productId":8,"quantity":1}],"__v":0}]
]]></system-out>
  </testcase>
  <testcase name="cartOrderLimitTest" classname="com.bda.AppTestCart" time="0.479">
    <system-out><![CDATA[[{"id":7,"userId":8,"date":"2020-03-01T00:00:00.000Z","products":[{"productId":18,"quantity":1}],"__v":0},{"id":6,"userId":4,"date":"2020-03-01T00:00:00.000Z","products":[{"productId":10,"quantity":2},{"productId":12,"quantity":3}],"__v":0},{"id":5,"userId":3,"date":"2020-03-01T00:00:00.000Z","products":[{"productId":7,"quantity":1},{"productId":8,"quantity":1}],"__v":0},{"id":4,"userId":3,"date":"2020-01-01T00:00:00.000Z","products":[{"productId":1,"quantity":4}],"__v":0},{"id":3,"userId":2,"date":"2020-03-01T00:00:00.000Z","products":[{"productId":1,"quantity":2},{"productId":9,"quantity":1}],"__v":0},{"id":2,"userId":1,"date":"2020-01-02T00:00:00.000Z","products":[{"productId":2,"quantity":4},{"productId":1,"quantity":10},{"productId":5,"quantity":2}],"__v":0},{"id":1,"userId":1,"date":"2020-03-02T00:00:00.000Z","products":[{"productId":1,"quantity":4},{"productId":2,"quantity":1},{"productId":3,"quantity":6}],"__v":0}]
]]></system-out>
  </testcase>
  <testcase name="cartinDateRangeTest" classname="com.bda.AppTestCart" time="4.255">
    <system-out><![CDATA[[{"id":7,"userId":8,"date":"2020-03-01T00:00:00.000Z","products":[{"productId":18,"quantity":1}],"__v":0},{"id":6,"userId":4,"date":"2020-03-01T00:00:00.000Z","products":[{"productId":10,"quantity":2},{"productId":12,"quantity":3}],"__v":0},{"id":5,"userId":3,"date":"2020-03-01T00:00:00.000Z","products":[{"productId":7,"quantity":1},{"productId":8,"quantity":1}],"__v":0},{"id":3,"userId":2,"date":"2020-03-01T00:00:00.000Z","products":[{"productId":1,"quantity":2},{"productId":9,"quantity":1}],"__v":0},{"id":1,"userId":1,"date":"2020-03-02T00:00:00.000Z","products":[{"productId":1,"quantity":4},{"productId":2,"quantity":1},{"productId":3,"quantity":6}],"__v":0}]
]]></system-out>
  </testcase>
  <testcase name="getAllCartTest" classname="com.bda.AppTestCart" time="0.5"/>
  <testcase name="newCartTest" classname="com.bda.AppTestCart" time="4.439">
    <system-out><![CDATA[{"id":11,"userId":11,"date":"2024-12-01","products":[{"quantity":1,"productId":18},{"quantity":4,"productId":2}]}
]]></system-out>
  </testcase>
  <testcase name="singleCartTest" classname="com.bda.AppTestCart" time="1.72"/>
  <testcase name="userCartTest" classname="com.bda.AppTestCart" time="3.694">
    <system-out><![CDATA[[{"id":3,"userId":2,"date":"2020-03-01T00:00:00.000Z","products":[{"productId":1,"quantity":2},{"productId":9,"quantity":1}],"__v":0}]
]]></system-out>
  </testcase>
</testsuite>