<?xml version="1.0" encoding="UTF-8"?>
<!-- Generated by org.testng.reporters.JUnitReportReporter -->
<testsuite hostname="LAPTOP-RD7G2GLV" failures="0" tests="7" name="com.bda.AppTestCart" time="21.097" errors="0" timestamp="2024-12-17T23:41:21 WIB" skipped="0">
  <testcase classname="com.bda.AppTestCart" name="cartOrderLimitTest" time="0.515"/>
  <system-out/>
  <testcase classname="com.bda.AppTestCart" name="getAllCartTest" time="0.516"/>
  <system-out/>
  <testcase classname="com.bda.AppTestCart" name="singleCartTest" time="1.719"/>
  <system-out/>
  <testcase classname="com.bda.AppTestCart" name="cartinDateRangeTest" time="4.262"/>
  <system-out/>
  <testcase classname="com.bda.AppTestCart" name="newCartTest" time="4.436"/>
  <system-out/>
  <testcase classname="com.bda.AppTestCart" name="userCartTest" time="3.697"/>
  <system-out/>
  <testcase classname="com.bda.AppTestCart" name="cartLimitTest" time="5.952"/>
  <system-out/>
</testsuite> <!-- com.bda.AppTestCart -->
